Traceback (most recent call last):
  File "C:\Users\LucioHenriqueDaouRob\scoop\apps\python\current\Lib\site-packages\pandas\core\arrays\integer.py", line 63, in _safe_cast
    return values.astype(dtype, casting="safe", copy=copy)
           ~~~~~~~~~~~~~^^^^^^^^^^^^^^^^^^^^^^^^^^^^^^^^^^
TypeError: Cannot cast array data from dtype('O') to dtype('int64') according to the rule 'safe'

The above exception was the direct cause of the following exception:

Traceback (most recent call last):
  File "C:\Users\LucioHenriqueDaouRob\OneDrive - NAV Brasil\REPOS\ttaa_decoder\decode_full.py", line 803, in <module>
    df[col] = df[col].astype("Int64")
              ~~~~~~~~~~~~~~^^^^^^^^^
  File "C:\Users\LucioHenriqueDaouRob\scoop\apps\python\current\Lib\site-packages\pandas\core\generic.py", line 6541, in astype
    new_data = self._mgr.astype(dtype=dtype, errors=errors)
  File "C:\Users\LucioHenriqueDaouRob\scoop\apps\python\current\Lib\site-packages\pandas\core\internals\managers.py", line 611, in astype
    return self.apply("astype", dtype=dtype, errors=errors)
           ~~~~~~~~~~^^^^^^^^^^^^^^^^^^^^^^^^^^^^^^^^^^^^^^
  File "C:\Users\LucioHenriqueDaouRob\scoop\apps\python\current\Lib\site-packages\pandas\core\internals\managers.py", line 442, in apply
    applied = getattr(b, f)(**kwargs)
  File "C:\Users\LucioHenriqueDaouRob\scoop\apps\python\current\Lib\site-packages\pandas\core\internals\blocks.py", line 607, in astype
    new_values = astype_array_safe(values, dtype, errors=errors)
  File "C:\Users\LucioHenriqueDaouRob\scoop\apps\python\current\Lib\site-packages\pandas\core\dtypes\astype.py", line 240, in astype_array_safe
    new_values = astype_array(values, dtype, copy=copy)
  File "C:\Users\LucioHenriqueDaouRob\scoop\apps\python\current\Lib\site-packages\pandas\core\dtypes\astype.py", line 185, in astype_array
    values = _astype_nansafe(values, dtype, copy=copy)
  File "C:\Users\LucioHenriqueDaouRob\scoop\apps\python\current\Lib\site-packages\pandas\core\dtypes\astype.py", line 81, in _astype_nansafe
    return dtype.construct_array_type()._from_sequence(arr, dtype=dtype, copy=copy)
           ~~~~~~~~~~~~~~~~~~~~~~~~~~~~~~~~~~~~~~~~~~~^^^^^^^^^^^^^^^^^^^^^^^^^^^^^
  File "C:\Users\LucioHenriqueDaouRob\scoop\apps\python\current\Lib\site-packages\pandas\core\arrays\masked.py", line 161, in _from_sequence
    values, mask = cls._coerce_to_array(scalars, dtype=dtype, copy=copy)
                   ~~~~~~~~~~~~~~~~~~~~^^^^^^^^^^^^^^^^^^^^^^^^^^^^^^^^^
  File "C:\Users\LucioHenriqueDaouRob\scoop\apps\python\current\Lib\site-packages\pandas\core\arrays\numeric.py", line 293, in _coerce_to_array
    values, mask = _coerce_to_data_and_mask(value, dtype, copy, dtype_cls)
                   ~~~~~~~~~~~~~~~~~~~~~~~~^^^^^^^^^^^^^^^^^^^^^^^^^^^^^^^
  File "C:\Users\LucioHenriqueDaouRob\scoop\apps\python\current\Lib\site-packages\pandas\core\arrays\numeric.py", line 248, in _coerce_to_data_and_mask
    values = dtype_cls._safe_cast(values, dtype, copy=False)
  File "C:\Users\LucioHenriqueDaouRob\scoop\apps\python\current\Lib\site-packages\pandas\core\arrays\integer.py", line 69, in _safe_cast
    raise TypeError(
        f"cannot safely cast non-equivalent {values.dtype} to {np.dtype(dtype)}"
    ) from err
TypeError: cannot safely cast non-equivalent object to int64
